Using pre-set license
Built from '2020.3/staging' branch; Version is '2020.3.14f1 (d0d1bb862f9d) revision 13685179'; Using compiler version '192528614'; Build Type 'Release'
OS: 'Windows 10 Education; OS build 19042.1348; Version 2009; 64bit' Language: 'en' Physical Memory: 16180 MB
BatchMode: 1, IsHumanControllingUs: 0, StartBugReporterOnCrash: 0, Is64bit: 1, IsPro: 0

 COMMAND LINE ARGUMENTS:
C:\Program Files\Unity\Editor\Unity.exe
-adb2
-batchMode
-noUpm
-name
AssetImportWorker0
-projectPath
C:/Users/w0206469/Desktop/Cinematics_VFXChallenge-Student-master
-logFile
Logs/AssetImportWorker0.log
-srvPort
57669
Successfully changed project path to: C:/Users/w0206469/Desktop/Cinematics_VFXChallenge-Student-master
C:/Users/w0206469/Desktop/Cinematics_VFXChallenge-Student-master
Using Asset Import Pipeline V2.
Refreshing native plugins compatible for Editor in 26.38 ms, found 2 plugins.
Preloading 0 native plugins for Editor in 0.00 ms.
Initialize engine version: 2020.3.14f1 (d0d1bb862f9d)
[Subsystems] Discovering subsystems at path C:/Program Files/Unity/Editor/Data/Resources/UnitySubsystems
[Subsystems] Discovering subsystems at path C:/Users/w0206469/Desktop/Cinematics_VFXChallenge-Student-master/Assets
GfxDevice: creating device client; threaded=0
Direct3D:
    Version:  Direct3D 11.0 [level 11.0]
    Renderer: NVIDIA Quadro K2200 (ID=0x13ba)
    Vendor:   
    VRAM:     4053 MB
    Driver:   27.21.14.6192
Initialize mono
Mono path[0] = 'C:/Program Files/Unity/Editor/Data/Managed'
Mono path[1] = 'C:/Program Files/Unity/Editor/Data/MonoBleedingEdge/lib/mono/unityjit'
Mono config path = 'C:/Program Files/Unity/Editor/Data/MonoBleedingEdge/etc'
Using monoOptions --debugger-agent=transport=dt_socket,embedding=1,server=y,suspend=n,address=127.0.0.1:56700
Begin MonoManager ReloadAssembly
Registering precompiled unity dll's ...
Register platform support module: C:/Program Files/Unity/Editor/Data/PlaybackEngines/WindowsStandaloneSupport/UnityEditor.WindowsStandalone.Extensions.dll
Registered in 0.001932 seconds.
Native extension for WindowsStandalone target not found
Refreshing native plugins compatible for Editor in 25.55 ms, found 2 plugins.
Preloading 0 native plugins for Editor in 0.00 ms.
Mono: successfully reloaded assembly
- Completed reload, in  0.994 seconds
Domain Reload Profiling:
	ReloadAssembly (994ms)
		BeginReloadAssembly (51ms)
			ExecutionOrderSort (0ms)
			DisableScriptedObjects (0ms)
			BackupInstance (0ms)
			ReleaseScriptingObjects (0ms)
			CreateAndSetChildDomain (1ms)
		EndReloadAssembly (392ms)
			LoadAssemblies (49ms)
			RebuildTransferFunctionScriptingTraits (0ms)
			SetupTypeCache (151ms)
			ReleaseScriptCaches (0ms)
			RebuildScriptCaches (29ms)
			SetupLoadedEditorAssemblies (145ms)
				LogAssemblyErrors (0ms)
				InitializePlatformSupportModulesInManaged (4ms)
				SetLoadedEditorAssemblies (0ms)
				RefreshPlugins (26ms)
				BeforeProcessingInitializeOnLoad (13ms)
				ProcessInitializeOnLoadAttributes (76ms)
				ProcessInitializeOnLoadMethodAttributes (25ms)
				AfterProcessingInitializeOnLoad (0ms)
				EditorAssembliesLoaded (0ms)
			ExecutionOrderSort2 (0ms)
			AwakeInstancesAfterBackupRestoration (0ms)
Platform modules already initialized, skipping
Registering precompiled user dll's ...
Registered in 0.004176 seconds.
Begin MonoManager ReloadAssembly
Native extension for WindowsStandalone target not found
Refreshing native plugins compatible for Editor in 0.30 ms, found 2 plugins.
Preloading 0 native plugins for Editor in 0.00 ms.
Mono: successfully reloaded assembly
- Completed reload, in  0.943 seconds
Domain Reload Profiling:
	ReloadAssembly (944ms)
		BeginReloadAssembly (143ms)
			ExecutionOrderSort (0ms)
			DisableScriptedObjects (4ms)
			BackupInstance (0ms)
			ReleaseScriptingObjects (0ms)
			CreateAndSetChildDomain (17ms)
		EndReloadAssembly (743ms)
			LoadAssemblies (77ms)
			RebuildTransferFunctionScriptingTraits (0ms)
			SetupTypeCache (259ms)
			ReleaseScriptCaches (0ms)
			RebuildScriptCaches (37ms)
			SetupLoadedEditorAssemblies (282ms)
				LogAssemblyErrors (0ms)
				InitializePlatformSupportModulesInManaged (4ms)
				SetLoadedEditorAssemblies (0ms)
				RefreshPlugins (0ms)
				BeforeProcessingInitializeOnLoad (82ms)
				ProcessInitializeOnLoadAttributes (184ms)
				ProcessInitializeOnLoadMethodAttributes (4ms)
				AfterProcessingInitializeOnLoad (6ms)
				EditorAssembliesLoaded (0ms)
			ExecutionOrderSort2 (0ms)
			AwakeInstancesAfterBackupRestoration (6ms)
Platform modules already initialized, skipping
========================================================================
Worker process is ready to serve import requests
Launched and connected shader compiler UnityShaderCompiler.exe after 0.04 seconds
Refreshing native plugins compatible for Editor in 0.29 ms, found 2 plugins.
Preloading 0 native plugins for Editor in 0.00 ms.
Unloading 1390 Unused Serialized files (Serialized files now loaded: 0)
System memory in use before: 66.2 MB.
System memory in use after: 66.3 MB.

Unloading 18 unused Assets to reduce memory usage. Loaded Objects now: 1841.
Total: 1.905700 ms (FindLiveObjects: 0.129900 ms CreateObjectMapping: 0.040700 ms MarkObjects: 1.678100 ms  DeleteObjects: 0.056000 ms)

AssetImportParameters requested are different than current active one (requested -> active):
  custom:framework-win-MediaFoundation: 216162199b28c13a410421893ffa2e32 -> 
  custom:video-decoder-ogg-theora: a1e56fd34408186e4bbccfd4996cb3dc -> 
  custom:container-muxer-webm: aa71ff27fc2769a1b78a27578f13a17b -> 
  custom:container-demuxer-webm: 4f35f7cbe854078d1ac9338744f61a02 -> 
  custom:container-demuxer-ogg: 62fdf1f143b41e24485cea50d1cbac27 -> 
  custom:video-encoder-webm-vp8: eb34c28f22e8b96e1ab97ce403110664 -> 
  custom:video-decoder-webm-vp8: 9c59270c3fd7afecdb556c50c9e8de78 -> 
  custom:audio-decoder-ogg-vorbis: bf7c407c2cedff20999df2af8eb42d56 -> 
  custom:audio-encoder-webm-vorbis: bf7c407c2cedff20999df2af8eb42d56 -> 
========================================================================
Received Import Request.
  path: Assets/Material
  artifactKey: Guid(dcf9ca4884d111f4d999ddd30914cd11) Importer(815301076,1909f56bfc062723c751e8b465ee728b)
Start importing Assets/Material using Guid(dcf9ca4884d111f4d999ddd30914cd11) Importer(815301076,1909f56bfc062723c751e8b465ee728b)  -> (artifact id: '1be7b15c7fc2c2f3e43832334fc09aa9') in 0.009982 seconds 
  Import took 0.011965 seconds .

========================================================================
Received Import Request.
  Time since last request: 0.229055 seconds.
  path: Assets/Scenes/VFX_Challenge.unity
  artifactKey: Guid(3fa5103ce950c884b9e3f827e0b9b333) Importer(815301076,1909f56bfc062723c751e8b465ee728b)
Start importing Assets/Scenes/VFX_Challenge.unity using Guid(3fa5103ce950c884b9e3f827e0b9b333) Importer(815301076,1909f56bfc062723c751e8b465ee728b)  -> (artifact id: '9336aaab9021bc3e3e38c1086a71d5a4') in 0.013919 seconds 
  Import took 0.015962 seconds .

========================================================================
Received Import Request.
  Time since last request: 18.203836 seconds.
  path: Assets/SF_Fighter/SF_Free-Fighter.FBX
  artifactKey: Guid(a2b9f16335cfda74081507453d1466ee) Importer(815301076,1909f56bfc062723c751e8b465ee728b)
Start importing Assets/SF_Fighter/SF_Free-Fighter.FBX using Guid(a2b9f16335cfda74081507453d1466ee) Importer(815301076,1909f56bfc062723c751e8b465ee728b)  -> (artifact id: 'f5115ff191f4388eb6e01e8d98895396') in 0.443025 seconds 
  Import took 0.446943 seconds .

========================================================================
Received Import Request.
  Time since last request: 0.000225 seconds.
  path: Assets/SF_Fighter/SF_Free-Fighter.prefab
  artifactKey: Guid(cdbec52167efb6a48b63cebb3284c246) Importer(815301076,1909f56bfc062723c751e8b465ee728b)
Start importing Assets/SF_Fighter/SF_Free-Fighter.prefab using Guid(cdbec52167efb6a48b63cebb3284c246) Importer(815301076,1909f56bfc062723c751e8b465ee728b)  -> (artifact id: '663edca345bcde744116671fd68b25aa') in 0.036394 seconds 
  Import took 0.039108 seconds .

========================================================================
Received Import Request.
  Time since last request: 76.420885 seconds.
  path: Assets/SF_Fighter/Textures
  artifactKey: Guid(71f9b398c8bff6d4a97b39043a6ce186) Importer(815301076,1909f56bfc062723c751e8b465ee728b)
Start importing Assets/SF_Fighter/Textures using Guid(71f9b398c8bff6d4a97b39043a6ce186) Importer(815301076,1909f56bfc062723c751e8b465ee728b)  -> (artifact id: '5e97c6626640779d9c379dd2504114fd') in 0.005571 seconds 
  Import took 0.007667 seconds .

========================================================================
Received Import Request.
  Time since last request: 0.026929 seconds.
  path: Assets/SF_Fighter/Textures/SF_Fighter-Albedo.tif
  artifactKey: Guid(d16057fdd6b5bab4387e80acc56377c6) Importer(815301076,1909f56bfc062723c751e8b465ee728b)
Start importing Assets/SF_Fighter/Textures/SF_Fighter-Albedo.tif using Guid(d16057fdd6b5bab4387e80acc56377c6) Importer(815301076,1909f56bfc062723c751e8b465ee728b)  -> (artifact id: 'd57e0ca99cbb575d7a52ed52cb34c089') in 0.024253 seconds 
  Import took 0.026509 seconds .

========================================================================
Received Import Request.
  Time since last request: 0.000267 seconds.
  path: Assets/SF_Fighter/Textures/SF_Fighter-Specular.tif
  artifactKey: Guid(6d50c80b60ca544458452c8449963a43) Importer(815301076,1909f56bfc062723c751e8b465ee728b)
Start importing Assets/SF_Fighter/Textures/SF_Fighter-Specular.tif using Guid(6d50c80b60ca544458452c8449963a43) Importer(815301076,1909f56bfc062723c751e8b465ee728b)  -> (artifact id: 'b67ffa6f00ce9eecb6f8e75267a45b3c') in 0.013161 seconds 
  Import took 0.015477 seconds .

========================================================================
Received Import Request.
  Time since last request: 0.000264 seconds.
  path: Assets/SF_Fighter/Textures/SF_Fighter-Gloss.tif
  artifactKey: Guid(4011353dc1f9b624bbcd1e9772a9302d) Importer(815301076,1909f56bfc062723c751e8b465ee728b)
Start importing Assets/SF_Fighter/Textures/SF_Fighter-Gloss.tif using Guid(4011353dc1f9b624bbcd1e9772a9302d) Importer(815301076,1909f56bfc062723c751e8b465ee728b)  -> (artifact id: '76c31469a8340a270e247e0ff516c873') in 0.028311 seconds 
  Import took 0.030449 seconds .

========================================================================
Received Import Request.
  Time since last request: 0.000270 seconds.
  path: Assets/SF_Fighter/Textures/SF_Fighter-Glow.tif
  artifactKey: Guid(598b9ecba13d54d46bb64105c254ee9c) Importer(815301076,1909f56bfc062723c751e8b465ee728b)
Start importing Assets/SF_Fighter/Textures/SF_Fighter-Glow.tif using Guid(598b9ecba13d54d46bb64105c254ee9c) Importer(815301076,1909f56bfc062723c751e8b465ee728b)  -> (artifact id: 'd8337b857d0cd8f83419f0383666d3ec') in 0.011692 seconds 
  Import took 0.013713 seconds .

========================================================================
Received Import Request.
  Time since last request: 0.000282 seconds.
  path: Assets/SF_Fighter/Textures/SF_Fighter-Normal.tif
  artifactKey: Guid(53ceba8b6ab2d1b44ad5e4df236c6693) Importer(815301076,1909f56bfc062723c751e8b465ee728b)
Start importing Assets/SF_Fighter/Textures/SF_Fighter-Normal.tif using Guid(53ceba8b6ab2d1b44ad5e4df236c6693) Importer(815301076,1909f56bfc062723c751e8b465ee728b)  -> (artifact id: '66202c981e53f793b6ba3350abe1b2be') in 0.017812 seconds 
  Import took 0.020175 seconds .

========================================================================
Received Import Request.
  Time since last request: 4.134796 seconds.
  path: Assets/Scenes
  artifactKey: Guid(bf2d7754f82b02649bfcf41c257078cc) Importer(815301076,1909f56bfc062723c751e8b465ee728b)
Start importing Assets/Scenes using Guid(bf2d7754f82b02649bfcf41c257078cc) Importer(815301076,1909f56bfc062723c751e8b465ee728b)  -> (artifact id: '263c0e0ca95172f8d8f536c3129b171e') in 0.005641 seconds 
  Import took 0.007778 seconds .

========================================================================
Received Import Request.
  Time since last request: 3.972318 seconds.
  path: Assets/SF_Fighter/Materials/SciFi_Fighters-Fleet.mat
  artifactKey: Guid(943c097650bb8b1489b8c07750068312) Importer(815301076,1909f56bfc062723c751e8b465ee728b)
Start importing Assets/SF_Fighter/Materials/SciFi_Fighters-Fleet.mat using Guid(943c097650bb8b1489b8c07750068312) Importer(815301076,1909f56bfc062723c751e8b465ee728b)  -> (artifact id: '7614424fd2c2afb7ee5c0a99601c2ce9') in 0.038229 seconds 
  Import took 0.040978 seconds .

========================================================================
Received Import Request.
  Time since last request: 5.928850 seconds.
  path: Assets/Support_Assets
  artifactKey: Guid(e3e59571ba8f8764ea7133e442e9b754) Importer(815301076,1909f56bfc062723c751e8b465ee728b)
Start importing Assets/Support_Assets using Guid(e3e59571ba8f8764ea7133e442e9b754) Importer(815301076,1909f56bfc062723c751e8b465ee728b)  -> (artifact id: '1f21a0c1ce6787d1190599f917dacfaf') in 0.006905 seconds 
  Import took 0.009172 seconds .

========================================================================
Received Import Request.
  Time since last request: 2.562973 seconds.
  path: Assets/Support_Assets/F3_Corvette/Meshes/F3_Green.FBX
  artifactKey: Guid(24d54da20b07b7d4bb94aa91d81e854b) Importer(815301076,1909f56bfc062723c751e8b465ee728b)
Start importing Assets/Support_Assets/F3_Corvette/Meshes/F3_Green.FBX using Guid(24d54da20b07b7d4bb94aa91d81e854b) Importer(815301076,1909f56bfc062723c751e8b465ee728b)  -> (artifact id: '68e19841b4dd1a0afeb1d5bc4deee9eb') in 0.057374 seconds 
  Import took 0.060215 seconds .

========================================================================
Received Import Request.
  Time since last request: 0.000255 seconds.
  path: Assets/Support_Assets/F3_Corvette/Meshes/F3_Yellow.FBX
  artifactKey: Guid(cc3d5a73d5e4cf2498bffd1c3c5ad691) Importer(815301076,1909f56bfc062723c751e8b465ee728b)
Start importing Assets/Support_Assets/F3_Corvette/Meshes/F3_Yellow.FBX using Guid(cc3d5a73d5e4cf2498bffd1c3c5ad691) Importer(815301076,1909f56bfc062723c751e8b465ee728b)  -> (artifact id: 'd947ecdde5f032c038f54f2b6b7dc6ce') in 0.059220 seconds 
  Import took 0.061945 seconds .

========================================================================
Received Import Request.
  Time since last request: 0.000229 seconds.
  path: Assets/Support_Assets/F3_Corvette/Meshes/F3_Grey.FBX
  artifactKey: Guid(7b5c9227d177ec248a8349ac8e0965be) Importer(815301076,1909f56bfc062723c751e8b465ee728b)
Start importing Assets/Support_Assets/F3_Corvette/Meshes/F3_Grey.FBX using Guid(7b5c9227d177ec248a8349ac8e0965be) Importer(815301076,1909f56bfc062723c751e8b465ee728b)  -> (artifact id: 'b003dab01f4d88bc0d92a573e8b02250') in 0.033913 seconds 
  Import took 0.036565 seconds .

========================================================================
Received Import Request.
  Time since last request: 0.000308 seconds.
  path: Assets/Support_Assets/F3_Corvette/Meshes/F3_Red.FBX
  artifactKey: Guid(8220d65260758dc4e8e264a8b326363f) Importer(815301076,1909f56bfc062723c751e8b465ee728b)
Start importing Assets/Support_Assets/F3_Corvette/Meshes/F3_Red.FBX using Guid(8220d65260758dc4e8e264a8b326363f) Importer(815301076,1909f56bfc062723c751e8b465ee728b)  -> (artifact id: '86f9a2ad84c23734de760a44ec78af67') in 0.056732 seconds 
  Import took 0.059759 seconds .

========================================================================
Received Import Request.
  Time since last request: 3.501440 seconds.
  path: Assets/Support_Assets/SkySerie Freebie/PlanetaryEarth.mat
  artifactKey: Guid(16bc8a9d5451ca44d8f70575adbece3a) Importer(815301076,1909f56bfc062723c751e8b465ee728b)
Start importing Assets/Support_Assets/SkySerie Freebie/PlanetaryEarth.mat using Guid(16bc8a9d5451ca44d8f70575adbece3a) Importer(815301076,1909f56bfc062723c751e8b465ee728b)  -> (artifact id: 'c5abe11271b54330eaf8687e87a2e6a2') in 0.051783 seconds 
  Import took 0.055439 seconds .

========================================================================
Received Import Request.
  Time since last request: 1.778074 seconds.
  path: Assets/Support_Assets/Standard Assets
  artifactKey: Guid(c6195a43a0187a34e9c6be23520d3766) Importer(815301076,1909f56bfc062723c751e8b465ee728b)
Start importing Assets/Support_Assets/Standard Assets using Guid(c6195a43a0187a34e9c6be23520d3766) Importer(815301076,1909f56bfc062723c751e8b465ee728b)  -> (artifact id: 'ddcdb3cb36cf5aaf89efbf92e5685bfa') in 0.006340 seconds 
  Import took 0.008578 seconds .

========================================================================
Received Import Request.
  Time since last request: 5.215433 seconds.
  path: Assets/SF_Fighter/Meshes
  artifactKey: Guid(3e86f6ee335ac364380e42fc33bcb3fe) Importer(815301076,1909f56bfc062723c751e8b465ee728b)
Start importing Assets/SF_Fighter/Meshes using Guid(3e86f6ee335ac364380e42fc33bcb3fe) Importer(815301076,1909f56bfc062723c751e8b465ee728b)  -> (artifact id: '48d1c52374e615f9688e980c5f32b40d') in 0.005638 seconds 
  Import took 0.007907 seconds .

========================================================================
Received Import Request.
  Time since last request: 0.035193 seconds.
  path: Assets/SF_Fighter/Meshes/SF_Free-Fighter.FBX
  artifactKey: Guid(f24986c5005449f4e96046f5edb103a7) Importer(815301076,1909f56bfc062723c751e8b465ee728b)
Start importing Assets/SF_Fighter/Meshes/SF_Free-Fighter.FBX using Guid(f24986c5005449f4e96046f5edb103a7) Importer(815301076,1909f56bfc062723c751e8b465ee728b)  -> (artifact id: '93ba5e48019a29eb2ea45f38bc7348d0') in 0.046816 seconds 
  Import took 0.049346 seconds .

========================================================================
Received Import Request.
  Time since last request: 0.899078 seconds.
  path: Assets/SF_Fighter/Meshes/Materials
  artifactKey: Guid(dfc4fe6b231fe1e4aaf6e1131bb215c7) Importer(815301076,1909f56bfc062723c751e8b465ee728b)
Start importing Assets/SF_Fighter/Meshes/Materials using Guid(dfc4fe6b231fe1e4aaf6e1131bb215c7) Importer(815301076,1909f56bfc062723c751e8b465ee728b)  -> (artifact id: '3c76e7f854e738fee5ead8c8afcc27ba') in 0.005613 seconds 
  Import took 0.007717 seconds .

========================================================================
Received Import Request.
  Time since last request: 0.052016 seconds.
  path: Assets/SF_Fighter/Meshes/Materials/SciFi_Fighters-Fleet.mat
  artifactKey: Guid(eaa762a03a4b5c8418e459439181a274) Importer(815301076,1909f56bfc062723c751e8b465ee728b)
Start importing Assets/SF_Fighter/Meshes/Materials/SciFi_Fighters-Fleet.mat using Guid(eaa762a03a4b5c8418e459439181a274) Importer(815301076,1909f56bfc062723c751e8b465ee728b)  -> (artifact id: '499633369bca78f3027b41f2be0f3b15') in 0.024411 seconds 
  Import took 0.027985 seconds .

========================================================================
Received Import Request.
  Time since last request: 64.857992 seconds.
  path: Assets/DogFight.anim
  artifactKey: Guid(d5894727b7717c140a6f9c63a640366a) Importer(815301076,1909f56bfc062723c751e8b465ee728b)
Start importing Assets/DogFight.anim using Guid(d5894727b7717c140a6f9c63a640366a) Importer(815301076,1909f56bfc062723c751e8b465ee728b)  -> (artifact id: '8ccbd06a8396c4af1526df97fedbf471') in 0.009186 seconds 
  Import took 0.012078 seconds .

========================================================================
Received Import Request.
  Time since last request: 0.013711 seconds.
  path: Assets/DogFight.anim
  artifactKey: Guid(d5894727b7717c140a6f9c63a640366a) Importer(815301076,1909f56bfc062723c751e8b465ee728b)
Start importing Assets/DogFight.anim using Guid(d5894727b7717c140a6f9c63a640366a) Importer(815301076,1909f56bfc062723c751e8b465ee728b)  -> (artifact id: '8ccbd06a8396c4af1526df97fedbf471') in 0.002889 seconds 
  Import took 0.006355 seconds .

========================================================================
Received Import Request.
  Time since last request: 6.065980 seconds.
  path: Assets/StarFighter.controller
  artifactKey: Guid(8cfc4a5ec113e104c925b20fef926adc) Importer(815301076,1909f56bfc062723c751e8b465ee728b)
Start importing Assets/StarFighter.controller using Guid(8cfc4a5ec113e104c925b20fef926adc) Importer(815301076,1909f56bfc062723c751e8b465ee728b)  -> (artifact id: '834ea7b4d7a70654f0cf46254302b845') in 0.008423 seconds 
  Import took 0.010863 seconds .

========================================================================
Received Prepare
Registering precompiled user dll's ...
Registered in 0.003742 seconds.
Begin MonoManager ReloadAssembly
Native extension for WindowsStandalone target not found
Refreshing native plugins compatible for Editor in 2.61 ms, found 2 plugins.
Preloading 0 native plugins for Editor in 0.00 ms.
Mono: successfully reloaded assembly
- Completed reload, in  0.969 seconds
Domain Reload Profiling:
	ReloadAssembly (970ms)
		BeginReloadAssembly (99ms)
			ExecutionOrderSort (0ms)
			DisableScriptedObjects (4ms)
			BackupInstance (0ms)
			ReleaseScriptingObjects (0ms)
			CreateAndSetChildDomain (30ms)
		EndReloadAssembly (806ms)
			LoadAssemblies (80ms)
			RebuildTransferFunctionScriptingTraits (0ms)
			SetupTypeCache (263ms)
			ReleaseScriptCaches (1ms)
			RebuildScriptCaches (39ms)
			SetupLoadedEditorAssemblies (321ms)
				LogAssemblyErrors (0ms)
				InitializePlatformSupportModulesInManaged (12ms)
				SetLoadedEditorAssemblies (3ms)
				RefreshPlugins (3ms)
				BeforeProcessingInitializeOnLoad (119ms)
				ProcessInitializeOnLoadAttributes (174ms)
				ProcessInitializeOnLoadMethodAttributes (4ms)
				AfterProcessingInitializeOnLoad (6ms)
				EditorAssembliesLoaded (0ms)
			ExecutionOrderSort2 (0ms)
			AwakeInstancesAfterBackupRestoration (6ms)
Platform modules already initialized, skipping
Refreshing native plugins compatible for Editor in 0.28 ms, found 2 plugins.
Preloading 0 native plugins for Editor in 0.00 ms.
Unloading 1385 Unused Serialized files (Serialized files now loaded: 0)
System memory in use before: 69.7 MB.
System memory in use after: 69.8 MB.

Unloading 13 unused Assets to reduce memory usage. Loaded Objects now: 1890.
Total: 2.064100 ms (FindLiveObjects: 0.137900 ms CreateObjectMapping: 0.040900 ms MarkObjects: 1.869500 ms  DeleteObjects: 0.014700 ms)

AssetImportParameters requested are different than current active one (requested -> active):
  custom:framework-win-MediaFoundation: 216162199b28c13a410421893ffa2e32 -> 
  custom:video-decoder-ogg-theora: a1e56fd34408186e4bbccfd4996cb3dc -> 
  custom:container-muxer-webm: aa71ff27fc2769a1b78a27578f13a17b -> 
  custom:container-demuxer-webm: 4f35f7cbe854078d1ac9338744f61a02 -> 
  custom:container-demuxer-ogg: 62fdf1f143b41e24485cea50d1cbac27 -> 
  custom:video-encoder-webm-vp8: eb34c28f22e8b96e1ab97ce403110664 -> 
  custom:video-decoder-webm-vp8: 9c59270c3fd7afecdb556c50c9e8de78 -> 
  custom:audio-decoder-ogg-vorbis: bf7c407c2cedff20999df2af8eb42d56 -> 
  custom:audio-encoder-webm-vorbis: bf7c407c2cedff20999df2af8eb42d56 -> 
========================================================================
Received Prepare
Registering precompiled user dll's ...
Registered in 0.003889 seconds.
Begin MonoManager ReloadAssembly
Native extension for WindowsStandalone target not found
Refreshing native plugins compatible for Editor in 0.30 ms, found 2 plugins.
Preloading 0 native plugins for Editor in 0.00 ms.
Mono: successfully reloaded assembly
- Completed reload, in  0.876 seconds
Domain Reload Profiling:
	ReloadAssembly (876ms)
		BeginReloadAssembly (91ms)
			ExecutionOrderSort (0ms)
			DisableScriptedObjects (4ms)
			BackupInstance (0ms)
			ReleaseScriptingObjects (0ms)
			CreateAndSetChildDomain (28ms)
		EndReloadAssembly (728ms)
			LoadAssemblies (75ms)
			RebuildTransferFunctionScriptingTraits (0ms)
			SetupTypeCache (247ms)
			ReleaseScriptCaches (1ms)
			RebuildScriptCaches (37ms)
			SetupLoadedEditorAssemblies (279ms)
				LogAssemblyErrors (0ms)
				InitializePlatformSupportModulesInManaged (5ms)
				SetLoadedEditorAssemblies (0ms)
				RefreshPlugins (0ms)
				BeforeProcessingInitializeOnLoad (87ms)
				ProcessInitializeOnLoadAttributes (176ms)
				ProcessInitializeOnLoadMethodAttributes (4ms)
				AfterProcessingInitializeOnLoad (6ms)
				EditorAssembliesLoaded (0ms)
			ExecutionOrderSort2 (0ms)
			AwakeInstancesAfterBackupRestoration (6ms)
Platform modules already initialized, skipping
Refreshing native plugins compatible for Editor in 0.31 ms, found 2 plugins.
Preloading 0 native plugins for Editor in 0.00 ms.
Unloading 1385 Unused Serialized files (Serialized files now loaded: 0)
System memory in use before: 69.7 MB.
System memory in use after: 69.8 MB.

Unloading 13 unused Assets to reduce memory usage. Loaded Objects now: 1893.
Total: 1.992600 ms (FindLiveObjects: 0.136700 ms CreateObjectMapping: 0.042100 ms MarkObjects: 1.797100 ms  DeleteObjects: 0.016000 ms)

AssetImportParameters requested are different than current active one (requested -> active):
  custom:framework-win-MediaFoundation: 216162199b28c13a410421893ffa2e32 -> 
  custom:video-decoder-ogg-theora: a1e56fd34408186e4bbccfd4996cb3dc -> 
  custom:container-muxer-webm: aa71ff27fc2769a1b78a27578f13a17b -> 
  custom:container-demuxer-webm: 4f35f7cbe854078d1ac9338744f61a02 -> 
  custom:container-demuxer-ogg: 62fdf1f143b41e24485cea50d1cbac27 -> 
  custom:video-encoder-webm-vp8: eb34c28f22e8b96e1ab97ce403110664 -> 
  custom:video-decoder-webm-vp8: 9c59270c3fd7afecdb556c50c9e8de78 -> 
  custom:audio-decoder-ogg-vorbis: bf7c407c2cedff20999df2af8eb42d56 -> 
  custom:audio-encoder-webm-vorbis: bf7c407c2cedff20999df2af8eb42d56 -> 
========================================================================
Received Import Request.
  Time since last request: 1514.349985 seconds.
  path: Assets/SF_Fighter/Materials/SciFi_Fighters-Fleet 1.mat
  artifactKey: Guid(356e6f44056e0974e8f43e62da914ed7) Importer(815301076,1909f56bfc062723c751e8b465ee728b)
Start importing Assets/SF_Fighter/Materials/SciFi_Fighters-Fleet 1.mat using Guid(356e6f44056e0974e8f43e62da914ed7) Importer(815301076,1909f56bfc062723c751e8b465ee728b)  -> (artifact id: 'e190ea24ff074a68c72cebf9dbfff523') in 0.068120 seconds 
  Import took 0.074347 seconds .

========================================================================
Received Import Request.
  Time since last request: 0.066992 seconds.
  path: Assets/SF_Fighter/Materials/SciFi_Fighters-Fleet 2.mat
  artifactKey: Guid(4b615fc353f9ef64ca05b47a71ff818a) Importer(815301076,1909f56bfc062723c751e8b465ee728b)
Start importing Assets/SF_Fighter/Materials/SciFi_Fighters-Fleet 2.mat using Guid(4b615fc353f9ef64ca05b47a71ff818a) Importer(815301076,1909f56bfc062723c751e8b465ee728b)  -> (artifact id: '37254dc1cbdbf8fb0e08397eee475c11') in 0.024476 seconds 
  Import took 0.030151 seconds .

========================================================================
Received Prepare
Registering precompiled user dll's ...
Registered in 0.004279 seconds.
Begin MonoManager ReloadAssembly
Native extension for WindowsStandalone target not found
Refreshing native plugins compatible for Editor in 0.30 ms, found 2 plugins.
Preloading 0 native plugins for Editor in 0.00 ms.
Mono: successfully reloaded assembly
- Completed reload, in  0.926 seconds
Domain Reload Profiling:
	ReloadAssembly (927ms)
		BeginReloadAssembly (108ms)
			ExecutionOrderSort (0ms)
			DisableScriptedObjects (4ms)
			BackupInstance (0ms)
			ReleaseScriptingObjects (0ms)
			CreateAndSetChildDomain (34ms)
		EndReloadAssembly (750ms)
			LoadAssemblies (89ms)
			RebuildTransferFunctionScriptingTraits (0ms)
			SetupTypeCache (270ms)
			ReleaseScriptCaches (1ms)
			RebuildScriptCaches (41ms)
			SetupLoadedEditorAssemblies (263ms)
				LogAssemblyErrors (0ms)
				InitializePlatformSupportModulesInManaged (5ms)
				SetLoadedEditorAssemblies (0ms)
				RefreshPlugins (0ms)
				BeforeProcessingInitializeOnLoad (79ms)
				ProcessInitializeOnLoadAttributes (168ms)
				ProcessInitializeOnLoadMethodAttributes (4ms)
				AfterProcessingInitializeOnLoad (6ms)
				EditorAssembliesLoaded (0ms)
			ExecutionOrderSort2 (0ms)
			AwakeInstancesAfterBackupRestoration (6ms)
Platform modules already initialized, skipping
Refreshing native plugins compatible for Editor in 0.30 ms, found 2 plugins.
Preloading 0 native plugins for Editor in 0.00 ms.
Unloading 1385 Unused Serialized files (Serialized files now loaded: 0)
System memory in use before: 69.8 MB.
System memory in use after: 69.9 MB.

Unloading 13 unused Assets to reduce memory usage. Loaded Objects now: 1897.
Total: 2.063300 ms (FindLiveObjects: 0.130500 ms CreateObjectMapping: 0.039900 ms MarkObjects: 1.875100 ms  DeleteObjects: 0.016600 ms)

AssetImportParameters requested are different than current active one (requested -> active):
  custom:framework-win-MediaFoundation: 216162199b28c13a410421893ffa2e32 -> 
  custom:video-decoder-ogg-theora: a1e56fd34408186e4bbccfd4996cb3dc -> 
  custom:container-muxer-webm: aa71ff27fc2769a1b78a27578f13a17b -> 
  custom:container-demuxer-webm: 4f35f7cbe854078d1ac9338744f61a02 -> 
  custom:container-demuxer-ogg: 62fdf1f143b41e24485cea50d1cbac27 -> 
  custom:video-encoder-webm-vp8: eb34c28f22e8b96e1ab97ce403110664 -> 
  custom:video-decoder-webm-vp8: 9c59270c3fd7afecdb556c50c9e8de78 -> 
  custom:audio-decoder-ogg-vorbis: bf7c407c2cedff20999df2af8eb42d56 -> 
  custom:audio-encoder-webm-vorbis: bf7c407c2cedff20999df2af8eb42d56 -> 
========================================================================
Received Import Request.
  Time since last request: 2102.442053 seconds.
  path: Assets/SF_Fighter/Textures/ShipPatrol.anim
  artifactKey: Guid(49986f417f80e1b4a97367831347ddce) Importer(815301076,1909f56bfc062723c751e8b465ee728b)
Start importing Assets/SF_Fighter/Textures/ShipPatrol.anim using Guid(49986f417f80e1b4a97367831347ddce) Importer(815301076,1909f56bfc062723c751e8b465ee728b)  -> (artifact id: 'bda8303182ee6a058d9218e2ecbf852a') in 0.017529 seconds 
  Import took 0.020213 seconds .

========================================================================
Received Import Request.
  Time since last request: 0.000459 seconds.
  path: Assets/SF_Fighter/Textures/ShipPatrol.anim
  artifactKey: Guid(49986f417f80e1b4a97367831347ddce) Importer(815301076,1909f56bfc062723c751e8b465ee728b)
Start importing Assets/SF_Fighter/Textures/ShipPatrol.anim using Guid(49986f417f80e1b4a97367831347ddce) Importer(815301076,1909f56bfc062723c751e8b465ee728b)  -> (artifact id: 'bda8303182ee6a058d9218e2ecbf852a') in 0.002715 seconds 
  Import took 0.004978 seconds .

========================================================================
Received Prepare
Registering precompiled user dll's ...
Registered in 0.004000 seconds.
Begin MonoManager ReloadAssembly
Native extension for WindowsStandalone target not found
Refreshing native plugins compatible for Editor in 0.38 ms, found 2 plugins.
Preloading 0 native plugins for Editor in 0.00 ms.
Mono: successfully reloaded assembly
- Completed reload, in  0.906 seconds
Domain Reload Profiling:
	ReloadAssembly (906ms)
		BeginReloadAssembly (108ms)
			ExecutionOrderSort (0ms)
			DisableScriptedObjects (4ms)
			BackupInstance (0ms)
			ReleaseScriptingObjects (0ms)
			CreateAndSetChildDomain (36ms)
		EndReloadAssembly (738ms)
			LoadAssemblies (82ms)
			RebuildTransferFunctionScriptingTraits (0ms)
			SetupTypeCache (249ms)
			ReleaseScriptCaches (1ms)
			RebuildScriptCaches (38ms)
			SetupLoadedEditorAssemblies (274ms)
				LogAssemblyErrors (0ms)
				InitializePlatformSupportModulesInManaged (7ms)
				SetLoadedEditorAssemblies (1ms)
				RefreshPlugins (0ms)
				BeforeProcessingInitializeOnLoad (88ms)
				ProcessInitializeOnLoadAttributes (168ms)
				ProcessInitializeOnLoadMethodAttributes (4ms)
				AfterProcessingInitializeOnLoad (6ms)
				EditorAssembliesLoaded (0ms)
			ExecutionOrderSort2 (0ms)
			AwakeInstancesAfterBackupRestoration (6ms)
Platform modules already initialized, skipping
Refreshing native plugins compatible for Editor in 0.29 ms, found 2 plugins.
Preloading 0 native plugins for Editor in 0.00 ms.
Unloading 1385 Unused Serialized files (Serialized files now loaded: 0)
System memory in use before: 69.8 MB.
System memory in use after: 69.9 MB.

Unloading 13 unused Assets to reduce memory usage. Loaded Objects now: 1900.
Total: 2.264300 ms (FindLiveObjects: 0.149700 ms CreateObjectMapping: 0.044000 ms MarkObjects: 2.050900 ms  DeleteObjects: 0.018500 ms)

AssetImportParameters requested are different than current active one (requested -> active):
  custom:framework-win-MediaFoundation: 216162199b28c13a410421893ffa2e32 -> 
  custom:video-decoder-ogg-theora: a1e56fd34408186e4bbccfd4996cb3dc -> 
  custom:container-muxer-webm: aa71ff27fc2769a1b78a27578f13a17b -> 
  custom:container-demuxer-webm: 4f35f7cbe854078d1ac9338744f61a02 -> 
  custom:container-demuxer-ogg: 62fdf1f143b41e24485cea50d1cbac27 -> 
  custom:video-encoder-webm-vp8: eb34c28f22e8b96e1ab97ce403110664 -> 
  custom:video-decoder-webm-vp8: 9c59270c3fd7afecdb556c50c9e8de78 -> 
  custom:audio-decoder-ogg-vorbis: bf7c407c2cedff20999df2af8eb42d56 -> 
  custom:audio-encoder-webm-vorbis: bf7c407c2cedff20999df2af8eb42d56 -> 
========================================================================
Received Prepare
Registering precompiled user dll's ...
Registered in 0.003645 seconds.
Begin MonoManager ReloadAssembly
Native extension for WindowsStandalone target not found
Refreshing native plugins compatible for Editor in 0.30 ms, found 2 plugins.
Preloading 0 native plugins for Editor in 0.00 ms.
Mono: successfully reloaded assembly
- Completed reload, in  0.929 seconds
Domain Reload Profiling:
	ReloadAssembly (929ms)
		BeginReloadAssembly (100ms)
			ExecutionOrderSort (0ms)
			DisableScriptedObjects (5ms)
			BackupInstance (0ms)
			ReleaseScriptingObjects (0ms)
			CreateAndSetChildDomain (29ms)
		EndReloadAssembly (765ms)
			LoadAssemblies (84ms)
			RebuildTransferFunctionScriptingTraits (0ms)
			SetupTypeCache (250ms)
			ReleaseScriptCaches (1ms)
			RebuildScriptCaches (36ms)
			SetupLoadedEditorAssemblies (309ms)
				LogAssemblyErrors (0ms)
				InitializePlatformSupportModulesInManaged (4ms)
				SetLoadedEditorAssemblies (0ms)
				RefreshPlugins (0ms)
				BeforeProcessingInitializeOnLoad (116ms)
				ProcessInitializeOnLoadAttributes (178ms)
				ProcessInitializeOnLoadMethodAttributes (4ms)
				AfterProcessingInitializeOnLoad (6ms)
				EditorAssembliesLoaded (0ms)
			ExecutionOrderSort2 (0ms)
			AwakeInstancesAfterBackupRestoration (6ms)
Platform modules already initialized, skipping
Refreshing native plugins compatible for Editor in 0.36 ms, found 2 plugins.
Preloading 0 native plugins for Editor in 0.00 ms.
Unloading 1385 Unused Serialized files (Serialized files now loaded: 0)
System memory in use before: 69.8 MB.
System memory in use after: 69.9 MB.

Unloading 13 unused Assets to reduce memory usage. Loaded Objects now: 1903.
Total: 2.269400 ms (FindLiveObjects: 0.157400 ms CreateObjectMapping: 0.052500 ms MarkObjects: 2.042300 ms  DeleteObjects: 0.016000 ms)

AssetImportParameters requested are different than current active one (requested -> active):
  custom:framework-win-MediaFoundation: 216162199b28c13a410421893ffa2e32 -> 
  custom:video-decoder-ogg-theora: a1e56fd34408186e4bbccfd4996cb3dc -> 
  custom:container-muxer-webm: aa71ff27fc2769a1b78a27578f13a17b -> 
  custom:container-demuxer-webm: 4f35f7cbe854078d1ac9338744f61a02 -> 
  custom:container-demuxer-ogg: 62fdf1f143b41e24485cea50d1cbac27 -> 
  custom:video-encoder-webm-vp8: eb34c28f22e8b96e1ab97ce403110664 -> 
  custom:video-decoder-webm-vp8: 9c59270c3fd7afecdb556c50c9e8de78 -> 
  custom:audio-decoder-ogg-vorbis: bf7c407c2cedff20999df2af8eb42d56 -> 
  custom:audio-encoder-webm-vorbis: bf7c407c2cedff20999df2af8eb42d56 -> 
========================================================================
Received Prepare
Registering precompiled user dll's ...
Registered in 0.003613 seconds.
Begin MonoManager ReloadAssembly
Native extension for WindowsStandalone target not found
Refreshing native plugins compatible for Editor in 0.30 ms, found 2 plugins.
Preloading 0 native plugins for Editor in 0.00 ms.
Mono: successfully reloaded assembly
- Completed reload, in  0.907 seconds
Domain Reload Profiling:
	ReloadAssembly (908ms)
		BeginReloadAssembly (95ms)
			ExecutionOrderSort (0ms)
			DisableScriptedObjects (4ms)
			BackupInstance (0ms)
			ReleaseScriptingObjects (0ms)
			CreateAndSetChildDomain (28ms)
		EndReloadAssembly (746ms)
			LoadAssemblies (79ms)
			RebuildTransferFunctionScriptingTraits (0ms)
			SetupTypeCache (255ms)
			ReleaseScriptCaches (1ms)
			RebuildScriptCaches (39ms)
			SetupLoadedEditorAssemblies (274ms)
				LogAssemblyErrors (0ms)
				InitializePlatformSupportModulesInManaged (5ms)
				SetLoadedEditorAssemblies (0ms)
				RefreshPlugins (0ms)
				BeforeProcessingInitializeOnLoad (87ms)
				ProcessInitializeOnLoadAttributes (172ms)
				ProcessInitializeOnLoadMethodAttributes (3ms)
				AfterProcessingInitializeOnLoad (6ms)
				EditorAssembliesLoaded (0ms)
			ExecutionOrderSort2 (0ms)
			AwakeInstancesAfterBackupRestoration (6ms)
Platform modules already initialized, skipping
Refreshing native plugins compatible for Editor in 0.28 ms, found 2 plugins.
Preloading 0 native plugins for Editor in 0.00 ms.
Unloading 1385 Unused Serialized files (Serialized files now loaded: 0)
System memory in use before: 69.8 MB.
System memory in use after: 69.9 MB.

Unloading 13 unused Assets to reduce memory usage. Loaded Objects now: 1906.
Total: 1.942400 ms (FindLiveObjects: 0.132100 ms CreateObjectMapping: 0.039000 ms MarkObjects: 1.755900 ms  DeleteObjects: 0.014300 ms)

AssetImportParameters requested are different than current active one (requested -> active):
  custom:framework-win-MediaFoundation: 216162199b28c13a410421893ffa2e32 -> 
  custom:video-decoder-ogg-theora: a1e56fd34408186e4bbccfd4996cb3dc -> 
  custom:container-muxer-webm: aa71ff27fc2769a1b78a27578f13a17b -> 
  custom:container-demuxer-webm: 4f35f7cbe854078d1ac9338744f61a02 -> 
  custom:container-demuxer-ogg: 62fdf1f143b41e24485cea50d1cbac27 -> 
  custom:video-encoder-webm-vp8: eb34c28f22e8b96e1ab97ce403110664 -> 
  custom:video-decoder-webm-vp8: 9c59270c3fd7afecdb556c50c9e8de78 -> 
  custom:audio-decoder-ogg-vorbis: bf7c407c2cedff20999df2af8eb42d56 -> 
  custom:audio-encoder-webm-vorbis: bf7c407c2cedff20999df2af8eb42d56 -> 
AssetImportWorkerClient::OnTransportError - code=2 error=End of file
